Using pre-set license
Built from '2020.3/china_unity/release' branch; Version is '2020.3.6f1c1 (c884b0ebb9b3) revision 13141168'; Using compiler version '192528614'; Build Type 'Release'
OS: 'Windows 10 Home China; OS build 19042.1052; Version 2009; 64bit' Language: 'zh' Physical Memory: 32680 MB
BatchMode: 1, IsHumanControllingUs: 0, StartBugReporterOnCrash: 0, Is64bit: 1, IsPro: 0

 COMMAND LINE ARGUMENTS:
D:\Unity\2020.3.6f1c1\Editor\Unity.exe
-adb2
-batchMode
-noUpm
-name
AssetImportWorker2
-projectPath
E:/Development/Unity/DiceFight
-logFile
Logs/AssetImportWorker2.log
-srvPort
50103
Successfully changed project path to: E:/Development/Unity/DiceFight
E:/Development/Unity/DiceFight
Using Asset Import Pipeline V2.
Refreshing native plugins compatible for Editor in 29.12 ms, found 1 plugins.
Preloading 0 native plugins for Editor in 0.00 ms.
Initialize engine version: 2020.3.6f1c1 (c884b0ebb9b3)
[Subsystems] Discovering subsystems at path D:/Unity/2020.3.6f1c1/Editor/Data/Resources/UnitySubsystems
[Subsystems] Discovering subsystems at path E:/Development/Unity/DiceFight/Assets
GfxDevice: creating device client; threaded=0
Direct3D:
    Version:  Direct3D 11.0 [level 11.1]
    Renderer: AMD Radeon RX 6900 XT (ID=0x73bf)
    Vendor:   
    VRAM:     16338 MB
    Driver:   27.20.21003.8013
Initialize mono
Mono path[0] = 'D:/Unity/2020.3.6f1c1/Editor/Data/Managed'
Mono path[1] = 'D:/Unity/2020.3.6f1c1/Editor/Data/MonoBleedingEdge/lib/mono/unityjit'
Mono config path = 'D:/Unity/2020.3.6f1c1/Editor/Data/MonoBleedingEdge/etc'
Using monoOptions --debugger-agent=transport=dt_socket,embedding=1,server=y,suspend=n,address=127.0.0.1:56484
Begin MonoManager ReloadAssembly
Registering precompiled unity dll's ...
Register platform support module: D:/Unity/2020.3.6f1c1/Editor/Data/PlaybackEngines/WindowsStandaloneSupport/UnityEditor.WindowsStandalone.Extensions.dll
Registered in 0.000718 seconds.
Native extension for WindowsStandalone target not found
Refreshing native plugins compatible for Editor in 30.11 ms, found 1 plugins.
Preloading 0 native plugins for Editor in 0.00 ms.
Mono: successfully reloaded assembly
- Completed reload, in  0.583 seconds
Platform modules already initialized, skipping
Registering precompiled user dll's ...
Registered in 0.002296 seconds.
Begin MonoManager ReloadAssembly
Native extension for WindowsStandalone target not found
Refreshing native plugins compatible for Editor in 29.06 ms, found 1 plugins.
Preloading 0 native plugins for Editor in 0.00 ms.
Mono: successfully reloaded assembly
- Completed reload, in  0.764 seconds
Platform modules already initialized, skipping
========================================================================
Worker process is ready to serve import requests
Launched and connected shader compiler UnityShaderCompiler.exe after 0.04 seconds
Refreshing native plugins compatible for Editor in 0.38 ms, found 1 plugins.
Preloading 0 native plugins for Editor in 0.00 ms.
Unloading 2097 Unused Serialized files (Serialized files now loaded: 0)
System memory in use before: 95.8 MB.
System memory in use after: 95.9 MB.

Unloading 27 unused Assets to reduce memory usage. Loaded Objects now: 2543.
Total: 1.965800 ms (FindLiveObjects: 0.132700 ms CreateObjectMapping: 0.060000 ms MarkObjects: 1.726800 ms  DeleteObjects: 0.045700 ms)

========================================================================
Received Import Request.
  path: Assets/Prefabs/UI/FightAction.prefab
  artifactKey: Guid(97bfb4164c2ac1f47b70dbf9f59d6c7b) Importer(815301076,1909f56bfc062723c751e8b465ee728b)
Start importing Assets/Prefabs/UI/FightAction.prefab using Guid(97bfb4164c2ac1f47b70dbf9f59d6c7b) Importer(815301076,1909f56bfc062723c751e8b465ee728b)  -> (artifact id: '9ae30b7a422b7c45c5b35e36e9f17245') in 0.045422 seconds
  Import took 0.048152 seconds .

========================================================================
Received Import Request.
  Time since last request: 7.458466 seconds.
  path: Assets/Scripts/UI/BattleText.cs
  artifactKey: Guid(85c3f9e924871364db234bd044b50b48) Importer(815301076,1909f56bfc062723c751e8b465ee728b)
Start importing Assets/Scripts/UI/BattleText.cs using Guid(85c3f9e924871364db234bd044b50b48) Importer(815301076,1909f56bfc062723c751e8b465ee728b)  -> (artifact id: '1def9532e91f9b3ac7c3de0f52c71d18') in 0.007936 seconds
  Import took 0.010501 seconds .

========================================================================
Received Import Request.
  Time since last request: 0.000590 seconds.
  path: Assets/Scripts/UI/BattleText.cs
  artifactKey: Guid(85c3f9e924871364db234bd044b50b48) Importer(815301076,1909f56bfc062723c751e8b465ee728b)
Start importing Assets/Scripts/UI/BattleText.cs using Guid(85c3f9e924871364db234bd044b50b48) Importer(815301076,1909f56bfc062723c751e8b465ee728b)  -> (artifact id: '1def9532e91f9b3ac7c3de0f52c71d18') in 0.001165 seconds
  Import took 0.003750 seconds .

========================================================================
Received Prepare
Registering precompiled user dll's ...
Registered in 0.002151 seconds.
Begin MonoManager ReloadAssembly
Native extension for WindowsStandalone target not found
Refreshing native plugins compatible for Editor in 0.38 ms, found 1 plugins.
Preloading 0 native plugins for Editor in 0.00 ms.
Mono: successfully reloaded assembly
- Completed reload, in  0.697 seconds
Platform modules already initialized, skipping
Refreshing native plugins compatible for Editor in 0.24 ms, found 1 plugins.
Preloading 0 native plugins for Editor in 0.00 ms.
Unloading 2088 Unused Serialized files (Serialized files now loaded: 0)
System memory in use before: 95.4 MB.
System memory in use after: 95.5 MB.

Unloading 17 unused Assets to reduce memory usage. Loaded Objects now: 2550.
Total: 2.102800 ms (FindLiveObjects: 0.180300 ms CreateObjectMapping: 0.041800 ms MarkObjects: 1.855500 ms  DeleteObjects: 0.024200 ms)

========================================================================
Received Prepare
Registering precompiled user dll's ...
Registered in 0.002145 seconds.
Begin MonoManager ReloadAssembly
Native extension for WindowsStandalone target not found
Refreshing native plugins compatible for Editor in 0.38 ms, found 1 plugins.
Preloading 0 native plugins for Editor in 0.00 ms.
Mono: successfully reloaded assembly
- Completed reload, in  0.720 seconds
Platform modules already initialized, skipping
Refreshing native plugins compatible for Editor in 0.20 ms, found 1 plugins.
Preloading 0 native plugins for Editor in 0.00 ms.
Unloading 2088 Unused Serialized files (Serialized files now loaded: 0)
System memory in use before: 95.4 MB.
System memory in use after: 95.5 MB.

Unloading 15 unused Assets to reduce memory usage. Loaded Objects now: 2554.
Total: 2.088400 ms (FindLiveObjects: 0.143900 ms CreateObjectMapping: 0.062100 ms MarkObjects: 1.863400 ms  DeleteObjects: 0.017900 ms)

========================================================================
Received Prepare
Registering precompiled user dll's ...
Registered in 0.002295 seconds.
Begin MonoManager ReloadAssembly
Native extension for WindowsStandalone target not found
Refreshing native plugins compatible for Editor in 0.38 ms, found 1 plugins.
Preloading 0 native plugins for Editor in 0.00 ms.
Mono: successfully reloaded assembly
- Completed reload, in  0.698 seconds
Platform modules already initialized, skipping
Refreshing native plugins compatible for Editor in 0.36 ms, found 1 plugins.
Preloading 0 native plugins for Editor in 0.00 ms.
Unloading 2088 Unused Serialized files (Serialized files now loaded: 0)
System memory in use before: 95.4 MB.
System memory in use after: 95.6 MB.

Unloading 15 unused Assets to reduce memory usage. Loaded Objects now: 2558.
Total: 2.181900 ms (FindLiveObjects: 0.183200 ms CreateObjectMapping: 0.073800 ms MarkObjects: 1.907400 ms  DeleteObjects: 0.016500 ms)

========================================================================
Received Prepare
Registering precompiled user dll's ...
Registered in 0.002115 seconds.
Begin MonoManager ReloadAssembly
Native extension for WindowsStandalone target not found
Refreshing native plugins compatible for Editor in 0.38 ms, found 1 plugins.
Preloading 0 native plugins for Editor in 0.00 ms.
Mono: successfully reloaded assembly
- Completed reload, in  0.704 seconds
Platform modules already initialized, skipping
Refreshing native plugins compatible for Editor in 0.19 ms, found 1 plugins.
Preloading 0 native plugins for Editor in 0.00 ms.
Unloading 2088 Unused Serialized files (Serialized files now loaded: 0)
System memory in use before: 95.5 MB.
System memory in use after: 95.6 MB.

Unloading 15 unused Assets to reduce memory usage. Loaded Objects now: 2562.
Total: 2.120100 ms (FindLiveObjects: 0.213200 ms CreateObjectMapping: 0.061600 ms MarkObjects: 1.827000 ms  DeleteObjects: 0.017400 ms)

========================================================================
Received Prepare
Registering precompiled user dll's ...
Registered in 0.002174 seconds.
Begin MonoManager ReloadAssembly
Native extension for WindowsStandalone target not found
Refreshing native plugins compatible for Editor in 0.38 ms, found 1 plugins.
Preloading 0 native plugins for Editor in 0.00 ms.
Mono: successfully reloaded assembly
- Completed reload, in  0.691 seconds
Platform modules already initialized, skipping
Refreshing native plugins compatible for Editor in 0.19 ms, found 1 plugins.
Preloading 0 native plugins for Editor in 0.00 ms.
Unloading 2088 Unused Serialized files (Serialized files now loaded: 0)
System memory in use before: 95.5 MB.
System memory in use after: 95.6 MB.

Unloading 15 unused Assets to reduce memory usage. Loaded Objects now: 2566.
Total: 2.055700 ms (FindLiveObjects: 0.140900 ms CreateObjectMapping: 0.048100 ms MarkObjects: 1.847300 ms  DeleteObjects: 0.018600 ms)

========================================================================
Received Prepare
Registering precompiled user dll's ...
Registered in 0.002066 seconds.
Begin MonoManager ReloadAssembly
Native extension for WindowsStandalone target not found
Refreshing native plugins compatible for Editor in 0.38 ms, found 1 plugins.
Preloading 0 native plugins for Editor in 0.00 ms.
Mono: successfully reloaded assembly
- Completed reload, in  0.694 seconds
Platform modules already initialized, skipping
Refreshing native plugins compatible for Editor in 0.33 ms, found 1 plugins.
Preloading 0 native plugins for Editor in 0.00 ms.
Unloading 2088 Unused Serialized files (Serialized files now loaded: 0)
System memory in use before: 95.5 MB.
System memory in use after: 95.6 MB.

Unloading 15 unused Assets to reduce memory usage. Loaded Objects now: 2570.
Total: 2.188900 ms (FindLiveObjects: 0.284800 ms CreateObjectMapping: 0.069600 ms MarkObjects: 1.817000 ms  DeleteObjects: 0.016700 ms)

========================================================================
Received Prepare
Registering precompiled user dll's ...
Registered in 0.002125 seconds.
Begin MonoManager ReloadAssembly
Native extension for WindowsStandalone target not found
Refreshing native plugins compatible for Editor in 0.38 ms, found 1 plugins.
Preloading 0 native plugins for Editor in 0.00 ms.
Mono: successfully reloaded assembly
- Completed reload, in  0.704 seconds
Platform modules already initialized, skipping
Refreshing native plugins compatible for Editor in 0.22 ms, found 1 plugins.
Preloading 0 native plugins for Editor in 0.00 ms.
Unloading 2088 Unused Serialized files (Serialized files now loaded: 0)
System memory in use before: 95.5 MB.
System memory in use after: 95.6 MB.

Unloading 15 unused Assets to reduce memory usage. Loaded Objects now: 2574.
Total: 1.784700 ms (FindLiveObjects: 0.169500 ms CreateObjectMapping: 0.054200 ms MarkObjects: 1.546700 ms  DeleteObjects: 0.013600 ms)

========================================================================
Received Prepare
Registering precompiled user dll's ...
Registered in 0.002133 seconds.
Begin MonoManager ReloadAssembly
Native extension for WindowsStandalone target not found
Refreshing native plugins compatible for Editor in 0.38 ms, found 1 plugins.
Preloading 0 native plugins for Editor in 0.00 ms.
Mono: successfully reloaded assembly
- Completed reload, in  0.694 seconds
Platform modules already initialized, skipping
Refreshing native plugins compatible for Editor in 0.31 ms, found 1 plugins.
Preloading 0 native plugins for Editor in 0.00 ms.
Unloading 2088 Unused Serialized files (Serialized files now loaded: 0)
System memory in use before: 95.5 MB.
System memory in use after: 95.6 MB.

Unloading 15 unused Assets to reduce memory usage. Loaded Objects now: 2578.
Total: 1.730800 ms (FindLiveObjects: 0.151200 ms CreateObjectMapping: 0.044500 ms MarkObjects: 1.522500 ms  DeleteObjects: 0.012100 ms)

========================================================================
Received Prepare
Registering precompiled user dll's ...
Registered in 0.002129 seconds.
Begin MonoManager ReloadAssembly
Native extension for WindowsStandalone target not found
Refreshing native plugins compatible for Editor in 0.38 ms, found 1 plugins.
Preloading 0 native plugins for Editor in 0.00 ms.
Mono: successfully reloaded assembly
- Completed reload, in  0.694 seconds
Platform modules already initialized, skipping
Refreshing native plugins compatible for Editor in 0.21 ms, found 1 plugins.
Preloading 0 native plugins for Editor in 0.00 ms.
Unloading 2088 Unused Serialized files (Serialized files now loaded: 0)
System memory in use before: 95.5 MB.
System memory in use after: 95.6 MB.

Unloading 15 unused Assets to reduce memory usage. Loaded Objects now: 2582.
Total: 2.130700 ms (FindLiveObjects: 0.169300 ms CreateObjectMapping: 0.052100 ms MarkObjects: 1.890100 ms  DeleteObjects: 0.018400 ms)

========================================================================
Received Prepare
Registering precompiled user dll's ...
Registered in 0.002144 seconds.
Begin MonoManager ReloadAssembly
Native extension for WindowsStandalone target not found
Refreshing native plugins compatible for Editor in 0.39 ms, found 1 plugins.
Preloading 0 native plugins for Editor in 0.00 ms.
Mono: successfully reloaded assembly
- Completed reload, in  0.698 seconds
Platform modules already initialized, skipping
Refreshing native plugins compatible for Editor in 0.21 ms, found 1 plugins.
Preloading 0 native plugins for Editor in 0.00 ms.
Unloading 2088 Unused Serialized files (Serialized files now loaded: 0)
System memory in use before: 95.5 MB.
System memory in use after: 95.6 MB.

Unloading 15 unused Assets to reduce memory usage. Loaded Objects now: 2586.
Total: 1.754000 ms (FindLiveObjects: 0.171400 ms CreateObjectMapping: 0.050500 ms MarkObjects: 1.519400 ms  DeleteObjects: 0.012100 ms)

========================================================================
Received Prepare
Registering precompiled user dll's ...
Registered in 0.002211 seconds.
Begin MonoManager ReloadAssembly
Native extension for WindowsStandalone target not found
Refreshing native plugins compatible for Editor in 0.38 ms, found 1 plugins.
Preloading 0 native plugins for Editor in 0.00 ms.
Mono: successfully reloaded assembly
- Completed reload, in  0.713 seconds
Platform modules already initialized, skipping
Refreshing native plugins compatible for Editor in 0.21 ms, found 1 plugins.
Preloading 0 native plugins for Editor in 0.00 ms.
Unloading 2088 Unused Serialized files (Serialized files now loaded: 0)
System memory in use before: 95.5 MB.
System memory in use after: 95.6 MB.

Unloading 15 unused Assets to reduce memory usage. Loaded Objects now: 2590.
Total: 2.077000 ms (FindLiveObjects: 0.161100 ms CreateObjectMapping: 0.043600 ms MarkObjects: 1.853900 ms  DeleteObjects: 0.017300 ms)

========================================================================
Received Prepare
Registering precompiled user dll's ...
Registered in 0.002127 seconds.
Begin MonoManager ReloadAssembly
Native extension for WindowsStandalone target not found
Refreshing native plugins compatible for Editor in 0.38 ms, found 1 plugins.
Preloading 0 native plugins for Editor in 0.00 ms.
Mono: successfully reloaded assembly
- Completed reload, in  0.692 seconds
Platform modules already initialized, skipping
Refreshing native plugins compatible for Editor in 0.19 ms, found 1 plugins.
Preloading 0 native plugins for Editor in 0.00 ms.
Unloading 2088 Unused Serialized files (Serialized files now loaded: 0)
System memory in use before: 95.5 MB.
System memory in use after: 95.6 MB.

Unloading 15 unused Assets to reduce memory usage. Loaded Objects now: 2594.
Total: 2.087200 ms (FindLiveObjects: 0.165400 ms CreateObjectMapping: 0.052800 ms MarkObjects: 1.850500 ms  DeleteObjects: 0.017500 ms)

========================================================================
Received Prepare
Registering precompiled user dll's ...
Registered in 0.002154 seconds.
Begin MonoManager ReloadAssembly
Native extension for WindowsStandalone target not found
Refreshing native plugins compatible for Editor in 0.38 ms, found 1 plugins.
Preloading 0 native plugins for Editor in 0.00 ms.
Mono: successfully reloaded assembly
- Completed reload, in  0.692 seconds
Platform modules already initialized, skipping
Refreshing native plugins compatible for Editor in 0.22 ms, found 1 plugins.
Preloading 0 native plugins for Editor in 0.00 ms.
Unloading 2088 Unused Serialized files (Serialized files now loaded: 0)
System memory in use before: 95.5 MB.
System memory in use after: 95.7 MB.

Unloading 15 unused Assets to reduce memory usage. Loaded Objects now: 2598.
Total: 2.042200 ms (FindLiveObjects: 0.166400 ms CreateObjectMapping: 0.048800 ms MarkObjects: 1.791900 ms  DeleteObjects: 0.034300 ms)

========================================================================
Received Prepare
Registering precompiled user dll's ...
Registered in 0.002157 seconds.
Begin MonoManager ReloadAssembly
Native extension for WindowsStandalone target not found
Refreshing native plugins compatible for Editor in 0.38 ms, found 1 plugins.
Preloading 0 native plugins for Editor in 0.00 ms.
Mono: successfully reloaded assembly
- Completed reload, in  0.689 seconds
Platform modules already initialized, skipping
Refreshing native plugins compatible for Editor in 0.29 ms, found 1 plugins.
Preloading 0 native plugins for Editor in 0.00 ms.
Unloading 2088 Unused Serialized files (Serialized files now loaded: 0)
System memory in use before: 95.5 MB.
System memory in use after: 95.7 MB.

Unloading 15 unused Assets to reduce memory usage. Loaded Objects now: 2602.
Total: 1.912400 ms (FindLiveObjects: 0.179700 ms CreateObjectMapping: 0.061400 ms MarkObjects: 1.656500 ms  DeleteObjects: 0.014000 ms)

========================================================================
Received Prepare
Registering precompiled user dll's ...
Registered in 0.002147 seconds.
Begin MonoManager ReloadAssembly
Native extension for WindowsStandalone target not found
Refreshing native plugins compatible for Editor in 0.41 ms, found 1 plugins.
Preloading 0 native plugins for Editor in 0.00 ms.
Mono: successfully reloaded assembly
- Completed reload, in  0.698 seconds
Platform modules already initialized, skipping
Refreshing native plugins compatible for Editor in 0.19 ms, found 1 plugins.
Preloading 0 native plugins for Editor in 0.00 ms.
Unloading 2088 Unused Serialized files (Serialized files now loaded: 0)
System memory in use before: 95.5 MB.
System memory in use after: 95.7 MB.

Unloading 15 unused Assets to reduce memory usage. Loaded Objects now: 2606.
Total: 1.894300 ms (FindLiveObjects: 0.174300 ms CreateObjectMapping: 0.055000 ms MarkObjects: 1.650600 ms  DeleteObjects: 0.013800 ms)

========================================================================
Received Prepare
Registering precompiled user dll's ...
Registered in 0.002090 seconds.
Begin MonoManager ReloadAssembly
Native extension for WindowsStandalone target not found
Refreshing native plugins compatible for Editor in 0.42 ms, found 1 plugins.
Preloading 0 native plugins for Editor in 0.00 ms.
Mono: successfully reloaded assembly
- Completed reload, in  0.726 seconds
Platform modules already initialized, skipping
Refreshing native plugins compatible for Editor in 0.19 ms, found 1 plugins.
Preloading 0 native plugins for Editor in 0.00 ms.
Unloading 2088 Unused Serialized files (Serialized files now loaded: 0)
System memory in use before: 95.6 MB.
System memory in use after: 95.7 MB.

Unloading 15 unused Assets to reduce memory usage. Loaded Objects now: 2610.
Total: 2.133700 ms (FindLiveObjects: 0.169200 ms CreateObjectMapping: 0.073500 ms MarkObjects: 1.872400 ms  DeleteObjects: 0.017700 ms)

========================================================================
Received Prepare
Registering precompiled user dll's ...
Registered in 0.002328 seconds.
Begin MonoManager ReloadAssembly
Native extension for WindowsStandalone target not found
Refreshing native plugins compatible for Editor in 0.39 ms, found 1 plugins.
Preloading 0 native plugins for Editor in 0.00 ms.
Mono: successfully reloaded assembly
- Completed reload, in  0.690 seconds
Platform modules already initialized, skipping
Refreshing native plugins compatible for Editor in 0.30 ms, found 1 plugins.
Preloading 0 native plugins for Editor in 0.00 ms.
Unloading 2088 Unused Serialized files (Serialized files now loaded: 0)
System memory in use before: 95.6 MB.
System memory in use after: 95.7 MB.

Unloading 15 unused Assets to reduce memory usage. Loaded Objects now: 2614.
Total: 1.882700 ms (FindLiveObjects: 0.149100 ms CreateObjectMapping: 0.042800 ms MarkObjects: 1.673300 ms  DeleteObjects: 0.016800 ms)

========================================================================
Received Prepare
Registering precompiled user dll's ...
Registered in 0.002162 seconds.
Begin MonoManager ReloadAssembly
Native extension for WindowsStandalone target not found
Refreshing native plugins compatible for Editor in 0.39 ms, found 1 plugins.
Preloading 0 native plugins for Editor in 0.00 ms.
Mono: successfully reloaded assembly
- Completed reload, in  0.692 seconds
Platform modules already initialized, skipping
Refreshing native plugins compatible for Editor in 0.26 ms, found 1 plugins.
Preloading 0 native plugins for Editor in 0.00 ms.
Unloading 2088 Unused Serialized files (Serialized files now loaded: 0)
System memory in use before: 95.6 MB.
System memory in use after: 95.7 MB.

Unloading 15 unused Assets to reduce memory usage. Loaded Objects now: 2618.
Total: 2.008700 ms (FindLiveObjects: 0.200200 ms CreateObjectMapping: 0.043700 ms MarkObjects: 1.748200 ms  DeleteObjects: 0.015700 ms)

========================================================================
Received Import Request.
  Time since last request: 745.153122 seconds.
  path: Assets/Prefabs/UI/BattleText.prefab
  artifactKey: Guid(2e8a4966131ce3f4da18d89db9efaa33) Importer(815301076,1909f56bfc062723c751e8b465ee728b)
Start importing Assets/Prefabs/UI/BattleText.prefab using Guid(2e8a4966131ce3f4da18d89db9efaa33) Importer(815301076,1909f56bfc062723c751e8b465ee728b)  -> (artifact id: '926e810294e99b37013008041191bb07') in 0.022615 seconds
  Import took 0.025175 seconds .

========================================================================
Received Import Request.
  Time since last request: 0.004460 seconds.
  path: Assets/Prefabs/UI/BattleText.prefab
  artifactKey: Guid(2e8a4966131ce3f4da18d89db9efaa33) Importer(815301076,1909f56bfc062723c751e8b465ee728b)
Start importing Assets/Prefabs/UI/BattleText.prefab using Guid(2e8a4966131ce3f4da18d89db9efaa33) Importer(815301076,1909f56bfc062723c751e8b465ee728b)  -> (artifact id: '926e810294e99b37013008041191bb07') in 0.001850 seconds
  Import took 0.003816 seconds .

========================================================================
Received Prepare
Registering precompiled user dll's ...
Registered in 0.002132 seconds.
Begin MonoManager ReloadAssembly
Native extension for WindowsStandalone target not found
Refreshing native plugins compatible for Editor in 0.38 ms, found 1 plugins.
Preloading 0 native plugins for Editor in 0.00 ms.
Mono: successfully reloaded assembly
- Completed reload, in  0.731 seconds
Platform modules already initialized, skipping
Refreshing native plugins compatible for Editor in 0.37 ms, found 1 plugins.
Preloading 0 native plugins for Editor in 0.00 ms.
Unloading 2088 Unused Serialized files (Serialized files now loaded: 0)
System memory in use before: 95.6 MB.
System memory in use after: 95.7 MB.

Unloading 15 unused Assets to reduce memory usage. Loaded Objects now: 2622.
Total: 2.228800 ms (FindLiveObjects: 0.201700 ms CreateObjectMapping: 0.060500 ms MarkObjects: 1.947200 ms  DeleteObjects: 0.018200 ms)

========================================================================
Received Prepare
Registering precompiled user dll's ...
Registered in 0.002134 seconds.
Begin MonoManager ReloadAssembly
Native extension for WindowsStandalone target not found
Refreshing native plugins compatible for Editor in 0.41 ms, found 1 plugins.
Preloading 0 native plugins for Editor in 0.00 ms.
Mono: successfully reloaded assembly
- Completed reload, in  0.689 seconds
Platform modules already initialized, skipping
Refreshing native plugins compatible for Editor in 0.30 ms, found 1 plugins.
Preloading 0 native plugins for Editor in 0.00 ms.
Unloading 2088 Unused Serialized files (Serialized files now loaded: 0)
System memory in use before: 95.6 MB.
System memory in use after: 95.7 MB.

Unloading 15 unused Assets to reduce memory usage. Loaded Objects now: 2626.
Total: 2.071000 ms (FindLiveObjects: 0.159500 ms CreateObjectMapping: 0.046900 ms MarkObjects: 1.847300 ms  DeleteObjects: 0.016400 ms)

========================================================================
Received Import Request.
  Time since last request: 89.598364 seconds.
  path: Assets/Prefabs/UI/BattleText.prefab
  artifactKey: Guid(2e8a4966131ce3f4da18d89db9efaa33) Importer(815301076,1909f56bfc062723c751e8b465ee728b)
Start importing Assets/Prefabs/UI/BattleText.prefab using Guid(2e8a4966131ce3f4da18d89db9efaa33) Importer(815301076,1909f56bfc062723c751e8b465ee728b)  -> (artifact id: 'eb6062052fd3ac1ed825614cdfbc862b') in 0.022770 seconds
  Import took 0.025370 seconds .

========================================================================
Received Import Request.
  Time since last request: 4.613101 seconds.
  path: Assets/Prefabs/UI/BattleText.prefab
  artifactKey: Guid(2e8a4966131ce3f4da18d89db9efaa33) Importer(815301076,1909f56bfc062723c751e8b465ee728b)
Start importing Assets/Prefabs/UI/BattleText.prefab using Guid(2e8a4966131ce3f4da18d89db9efaa33) Importer(815301076,1909f56bfc062723c751e8b465ee728b)  -> (artifact id: 'fac0ec5c81776fb186ec199ecf358ec3') in 0.002223 seconds
  Import took 0.004893 seconds .

========================================================================
Received Import Request.
  Time since last request: 3.649271 seconds.
  path: Assets/Prefabs/UI/BattleText.prefab
  artifactKey: Guid(2e8a4966131ce3f4da18d89db9efaa33) Importer(815301076,1909f56bfc062723c751e8b465ee728b)
Start importing Assets/Prefabs/UI/BattleText.prefab using Guid(2e8a4966131ce3f4da18d89db9efaa33) Importer(815301076,1909f56bfc062723c751e8b465ee728b)  -> (artifact id: 'ecbb95a7c7cd5deefba24a88c0ef02f6') in 0.002220 seconds
  Import took 0.004850 seconds .

========================================================================
Received Prepare
Registering precompiled user dll's ...
Registered in 0.002114 seconds.
Begin MonoManager ReloadAssembly
Native extension for WindowsStandalone target not found
Refreshing native plugins compatible for Editor in 0.38 ms, found 1 plugins.
Preloading 0 native plugins for Editor in 0.00 ms.
Mono: successfully reloaded assembly
- Completed reload, in  0.674 seconds
Platform modules already initialized, skipping
Refreshing native plugins compatible for Editor in 0.19 ms, found 1 plugins.
Preloading 0 native plugins for Editor in 0.00 ms.
Unloading 2088 Unused Serialized files (Serialized files now loaded: 0)
System memory in use before: 95.6 MB.
System memory in use after: 95.7 MB.

Unloading 15 unused Assets to reduce memory usage. Loaded Objects now: 2630.
Total: 2.050400 ms (FindLiveObjects: 0.157200 ms CreateObjectMapping: 0.042800 ms MarkObjects: 1.833400 ms  DeleteObjects: 0.016200 ms)

========================================================================
Received Prepare
Refreshing native plugins compatible for Editor in 1.65 ms, found 1 plugins.
Preloading 0 native plugins for Editor in 0.00 ms.
Unloading 13 Unused Serialized files (Serialized files now loaded: 0)
System memory in use before: 54.6 MB.
System memory in use after: 54.7 MB.

Unloading 13 unused Assets to reduce memory usage. Loaded Objects now: 2630.
Total: 1.889000 ms (FindLiveObjects: 0.156400 ms CreateObjectMapping: 0.042900 ms MarkObjects: 1.679000 ms  DeleteObjects: 0.010200 ms)

AssetImportWorkerClient::OnTransportError - code=2 error=End of file
